#
# A fatal error has been detected by the Java Runtime Environment:
#
#  SIGSEGV (0xb) at pc=0x00007f9b32833379, pid=12843, tid=140304506091264
#
# JRE version: Java(TM) SE Runtime Environment (7.0_67-b01) (build 1.7.0_67-b01)
# Java VM: Java HotSpot(TM) 64-Bit Server VM (24.65-b04 mixed mode linux-amd64 compressed oops)
# Problematic frame:
# V  [libjvm.so+0x603379]  java_lang_String::utf8_length(oopDesc*)+0xd9
#
# Failed to write core dump. Core dumps have been disabled. To enable core dumping, try "ulimit -c unlimited" before starting Java again
#
# If you would like to submit a bug report, please visit:
#   http://bugreport.sun.com/bugreport/crash.jsp
#

---------------  T H R E A D  ---------------

Current thread (0x00007f9b2c092000):  JavaThread "JDWP Transport Listener: dt_socket" daemon [_thread_in_vm, id=12855, stack(0x00007f9b302ef000,0x00007f9b303f0000)]

siginfo:si_signo=SIGSEGV: si_errno=0, si_code=1 (SEGV_MAPERR), si_addr=0x000000000000000c

Registers:
RAX=0x000000000000000c, RBX=0x00007f9b10005288, RCX=0x0000000000000000, RDX=0x0000000000000000
RSP=0x00007f9b303ee6b0, RBP=0x00007f9b303ee6c0, RSI=0x000000000000000c, RDI=0x000000077fe4ee18
R8 =0x0000000000000000, R9 =0x0000000000000001, R10=0x0000000000000190, R11=0x00007f9b3287d550
R12=0x0000000000000000, R13=0x00007f9b2c092000, R14=0x00007f9b303ee7b0, R15=0x0000000000000000
RIP=0x00007f9b32833379, EFLAGS=0x0000000000010246, CSGSFS=0x0000000000000033, ERR=0x0000000000000004
  TRAPNO=0x000000000000000e

Top of Stack: (sp=0x00007f9b303ee6b0)
0x00007f9b303ee6b0:   00007f9b10005288 000000077fe4ee18
0x00007f9b303ee6c0:   00007f9b303ee730 00007f9b3288573b
0x00007f9b303ee6d0:   00007f9b2c092000 0000000000000000
0x00007f9b303ee6e0:   00007f9b303ee730 00007f9b31ae1f92
0x00007f9b303ee6f0:   00007f9b2c092000 000000000000000a
0x00007f9b303ee700:   00007f9b303ee730 00007f9b303ee940
0x00007f9b303ee710:   00007f9b2c0921e8 00007f9b10005288
0x00007f9b303ee720:   00007f9b303ee7b0 00007f9b31cf5120
0x00007f9b303ee730:   00007f9b303ee770 00007f9b31ac43b2
0x00007f9b303ee740:   0000000000000ebe 000000000000000a
0x00007f9b303ee750:   0000000000000001 000000000000000a
0x00007f9b303ee760:   0000000000010a00 0000000000000001
0x00007f9b303ee770:   00007f9b303ee9c0 00007f9b31acc976
0x00007f9b303ee780:   00000ebe00000013 00007f9b32010a00
0x00007f9b303ee790:   00007f9b08000e20 00007f9b2c092000
0x00007f9b303ee7a0:   00007f9b303ee7b0 00007f9b303ee940
0x00007f9b303ee7b0:   00007f9b303ee800 00007f9b0000012c
0x00007f9b303ee7c0:   00007f9b303ee7c8 0000000000000000
0x00007f9b303ee7d0:   00007f9b303ee800 0000000000000000
0x00007f9b303ee7e0:   0000000000000000 00000ebe00000013
0x00007f9b303ee7f0:   00007f9b0000e880 00007f9b303ee800
0x00007f9b303ee800:   6e69616d04000000 4200000000000000
0x00007f9b303ee810:   000000000a000000 c000000000000000
0x00007f9b303ee820:   0400000000000000 00000000020c0000
0x00007f9b303ee830:   c100000009000000 0d00000000000000
0x00007f9b303ee840:   00000000c2000000 c400000016000000
0x00007f9b303ee850:   1a00000000000000 00000000c5000000
0x00007f9b303ee860:   c800000023000000 2b00000000000000
0x00007f9b303ee870:   00000000c9000000 cb00000036000000
0x00007f9b303ee880:   4200000000000000 04001100cc000000
0x00007f9b303ee890:   0000000000000001 02072c9b7f00000e
0x00007f9b303ee8a0:   0100000000000038 001100000000000a 

Instructions: (pc=0x00007f9b32833379)
0x00007f9b32833359:   08 48 d3 e2 48 03 10 b8 0c 00 00 00 eb 12 66 0f
0x00007f9b32833369:   1f 84 00 00 00 00 00 48 8b 14 37 b8 10 00 00 00
0x00007f9b32833379:   8b 1c 02 e9 6b ff ff ff 90 66 66 66 66 66 2e 0f
0x00007f9b32833389:   1f 84 00 00 00 00 00 55 48 8b 05 b0 36 80 00 48 

Register to memory mapping:

RAX=0x000000000000000c is an unknown value
RBX=0x00007f9b10005288 is a global jni handle
RCX=0x0000000000000000 is an unknown value
RDX=0x0000000000000000 is an unknown value
RSP=0x00007f9b303ee6b0 is pointing into the stack for thread: 0x00007f9b2c092000
RBP=0x00007f9b303ee6c0 is pointing into the stack for thread: 0x00007f9b2c092000
RSI=0x000000000000000c is an unknown value
RDI=0x000000077fe4ee18 is an oop
java.lang.String 
 - klass: 'java/lang/String'
R8 =0x0000000000000000 is an unknown value
R9 =0x0000000000000001 is an unknown value
R10=0x0000000000000190 is an unknown value
R11=0x00007f9b3287d550: <offset 0x64d550> in /usr/java/jdk1.7.0_67-cloudera/jre/lib/amd64/server/libjvm.so at 0x00007f9b32230000
R12=0x0000000000000000 is an unknown value
R13=0x00007f9b2c092000 is a thread
R14=0x00007f9b303ee7b0 is pointing into the stack for thread: 0x00007f9b2c092000
R15=0x0000000000000000 is an unknown value


Stack: [0x00007f9b302ef000,0x00007f9b303f0000],  sp=0x00007f9b303ee6b0,  free space=1021k
Native frames: (J=compiled Java code, j=interpreted, Vv=VM code, C=native code)
V  [libjvm.so+0x603379]  java_lang_String::utf8_length(oopDesc*)+0xd9
V  [libjvm.so+0x65573b]  jni_GetStringUTFChars+0xab
C  [libjdwp.so+0x93b2]  value+0x92
C  [libjdwp.so+0x11976]  debugLoop_run+0x2b6
C  [libjdwp.so+0x243af]  attachThread+0x2f
V  [libjvm.so+0x6fc827]  JvmtiAgentThread::call_start_function()+0x97
V  [libjvm.so+0x958d9f]  JavaThread::thread_main_inner()+0xdf
V  [libjvm.so+0x958ea5]  JavaThread::run()+0xf5
V  [libjvm.so+0x81f988]  java_start(Thread*)+0x108


---------------  P R O C E S S  ---------------

Java Threads: ( => current thread )
  0x00007f9b2c09c800 JavaThread "Service Thread" daemon [_thread_blocked, id=12865, stack(0x00007f9b22e6c000,0x00007f9b22f6d000)]
  0x00007f9b2c09a000 JavaThread "C2 CompilerThread1" daemon [_thread_blocked, id=12864, stack(0x00007f9b22f6d000,0x00007f9b2306e000)]
  0x00007f9b2c098000 JavaThread "C2 CompilerThread0" daemon [_thread_blocked, id=12863, stack(0x00007f9b2306e000,0x00007f9b2316f000)]
  0x00007f9b10001000 JavaThread "JDWP Command Reader" daemon [_thread_in_native, id=12859, stack(0x00007f9b300ed000,0x00007f9b301ee000)]
  0x00007f9b2c095800 JavaThread "JDWP Event Helper Thread" daemon [_thread_blocked, id=12857, stack(0x00007f9b301ee000,0x00007f9b302ef000)]
=>0x00007f9b2c092000 JavaThread "JDWP Transport Listener: dt_socket" daemon [_thread_in_vm, id=12855, stack(0x00007f9b302ef000,0x00007f9b303f0000)]
  0x00007f9b2c085800 JavaThread "Signal Dispatcher" daemon [_thread_blocked, id=12853, stack(0x00007f9b305f4000,0x00007f9b306f5000)]
  0x00007f9b2c067000 JavaThread "Finalizer" daemon [_thread_blocked, id=12852, stack(0x00007f9b306f5000,0x00007f9b307f6000)]
  0x00007f9b2c065000 JavaThread "Reference Handler" daemon [_thread_blocked, id=12851, stack(0x00007f9b307f6000,0x00007f9b308f7000)]
  0x00007f9b2c00b000 JavaThread "main" [_thread_blocked, id=12845, stack(0x00007f9b3212f000,0x00007f9b32230000)]

Other Threads:
  0x00007f9b2c061000 VMThread [stack: 0x00007f9b308f7000,0x00007f9b309f8000] [id=12850]
  0x00007f9b2c0a7800 WatcherThread [stack: 0x00007f9b22d6b000,0x00007f9b22e6c000] [id=12866]

VM state:not at safepoint (normal execution)

VM Mutex/Monitor currently owned by a thread: None

Heap
 def new generation   total 37824K, used 1346K [0x000000077fe00000, 0x0000000782700000, 0x00000007a8e00000)
  eden space 33664K,   4% used [0x000000077fe00000, 0x000000077ff50ab8, 0x0000000781ee0000)
  from space 4160K,   0% used [0x0000000781ee0000, 0x0000000781ee0000, 0x00000007822f0000)
  to   space 4160K,   0% used [0x00000007822f0000, 0x00000007822f0000, 0x0000000782700000)
 tenured generation   total 83968K, used 0K [0x00000007a8e00000, 0x00000007ae000000, 0x00000007fae00000)
   the space 83968K,   0% used [0x00000007a8e00000, 0x00000007a8e00000, 0x00000007a8e00200, 0x00000007ae000000)
 compacting perm gen  total 21248K, used 2441K [0x00000007fae00000, 0x00000007fc2c0000, 0x0000000800000000)
   the space 21248K,  11% used [0x00000007fae00000, 0x00000007fb062798, 0x00000007fb062800, 0x00000007fc2c0000)
No shared spaces configured.

Card table byte_map: [0x00007f9b30fb6000,0x00007f9b313b8000] byte_map_base: 0x00007f9b2d3b7000

Polling page: 0x00007f9b332d5000

Code Cache  [0x00007f9b2316f000, 0x00007f9b233df000, 0x00007f9b2616f000)
 total_blobs=157 nmethods=0 adapters=134 free_code_cache=48776Kb largest_free_block=49947200

Compilation events (0 events):
No events

GC Heap History (0 events):
No events

Deoptimization events (0 events):
No events

Internal exceptions (2 events):
Event: 0.059 Thread 0x00007f9b2c00b000 Threw 0x000000077fe10378 at /HUDSON/workspace/7u-2-build-linux-amd64/jdk7u67/1368/hotspot/src/share/vm/prims/jni.cpp:3991
Event: 0.240 Thread 0x00007f9b2c00b000 Threw 0x000000077fe48d18 at /HUDSON/workspace/7u-2-build-linux-amd64/jdk7u67/1368/hotspot/src/share/vm/prims/jvm.cpp:1244

Events (10 events):
Event: 78.916 Executing VM operation: GetCurrentLocation
Event: 78.916 Executing VM operation: GetCurrentLocation done
Event: 78.916 Executing VM operation: ChangeSingleStep
Event: 78.916 Executing VM operation: ChangeSingleStep done
Event: 78.918 Executing VM operation: ChangeSingleStep
Event: 78.918 Executing VM operation: ChangeSingleStep done
Event: 78.960 Executing VM operation: GetOrSetLocal
Event: 78.960 Executing VM operation: GetOrSetLocal done
Event: 78.964 Executing VM operation: GetOrSetLocal
Event: 78.964 Executing VM operation: GetOrSetLocal done


Dynamic libraries:
00400000-00401000 r-xp 00000000 fd:00 539251                             /usr/java/jdk1.7.0_67-cloudera/bin/java
00600000-00601000 rw-p 00000000 fd:00 539251                             /usr/java/jdk1.7.0_67-cloudera/bin/java
0061c000-0063d000 rw-p 00000000 00:00 0                                  [heap]
77fe00000-782700000 rw-p 00000000 00:00 0 
782700000-7a8e00000 rw-p 00000000 00:00 0 
7a8e00000-7ae000000 rw-p 00000000 00:00 0 
7ae000000-7fae00000 rw-p 00000000 00:00 0 
7fae00000-7fc2c0000 rw-p 00000000 00:00 0 
7fc2c0000-800000000 rw-p 00000000 00:00 0 
3a61200000-3a61220000 r-xp 00000000 fd:00 2621885                        /lib64/ld-2.12.so
3a6141f000-3a61420000 r--p 0001f000 fd:00 2621885                        /lib64/ld-2.12.so
3a61420000-3a61421000 rw-p 00020000 fd:00 2621885                        /lib64/ld-2.12.so
3a61421000-3a61422000 rw-p 00000000 00:00 0 
3a61600000-3a61683000 r-xp 00000000 fd:00 2621899                        /lib64/libm-2.12.so
3a61683000-3a61882000 ---p 00083000 fd:00 2621899                        /lib64/libm-2.12.so
3a61882000-3a61883000 r--p 00082000 fd:00 2621899                        /lib64/libm-2.12.so
3a61883000-3a61884000 rw-p 00083000 fd:00 2621899                        /lib64/libm-2.12.so
3a61a00000-3a61b8b000 r-xp 00000000 fd:00 2621886                        /lib64/libc-2.12.so
3a61b8b000-3a61d8a000 ---p 0018b000 fd:00 2621886                        /lib64/libc-2.12.so
3a61d8a000-3a61d8e000 r--p 0018a000 fd:00 2621886                        /lib64/libc-2.12.so
3a61d8e000-3a61d8f000 rw-p 0018e000 fd:00 2621886                        /lib64/libc-2.12.so
3a61d8f000-3a61d94000 rw-p 00000000 00:00 0 
3a61e00000-3a61e17000 r-xp 00000000 fd:00 2621887                        /lib64/libpthread-2.12.so
3a61e17000-3a62017000 ---p 00017000 fd:00 2621887                        /lib64/libpthread-2.12.so
3a62017000-3a62018000 r--p 00017000 fd:00 2621887                        /lib64/libpthread-2.12.so
3a62018000-3a62019000 rw-p 00018000 fd:00 2621887                        /lib64/libpthread-2.12.so
3a62019000-3a6201d000 rw-p 00000000 00:00 0 
3a62200000-3a62202000 r-xp 00000000 fd:00 2621892                        /lib64/libdl-2.12.so
3a62202000-3a62402000 ---p 00002000 fd:00 2621892                        /lib64/libdl-2.12.so
3a62402000-3a62403000 r--p 00002000 fd:00 2621892                        /lib64/libdl-2.12.so
3a62403000-3a62404000 rw-p 00003000 fd:00 2621892                        /lib64/libdl-2.12.so
3a62a00000-3a62a07000 r-xp 00000000 fd:00 2621888                        /lib64/librt-2.12.so
3a62a07000-3a62c06000 ---p 00007000 fd:00 2621888                        /lib64/librt-2.12.so
3a62c06000-3a62c07000 r--p 00006000 fd:00 2621888                        /lib64/librt-2.12.so
3a62c07000-3a62c08000 rw-p 00007000 fd:00 2621888                        /lib64/librt-2.12.so
7f9b04000000-7f9b04021000 rw-p 00000000 00:00 0 
7f9b04021000-7f9b08000000 ---p 00000000 00:00 0 
7f9b08000000-7f9b08021000 rw-p 00000000 00:00 0 
7f9b08021000-7f9b0c000000 ---p 00000000 00:00 0 
7f9b0c000000-7f9b0c021000 rw-p 00000000 00:00 0 
7f9b0c021000-7f9b10000000 ---p 00000000 00:00 0 
7f9b10000000-7f9b10021000 rw-p 00000000 00:00 0 
7f9b10021000-7f9b14000000 ---p 00000000 00:00 0 
7f9b14000000-7f9b14021000 rw-p 00000000 00:00 0 
7f9b14021000-7f9b18000000 ---p 00000000 00:00 0 
7f9b18000000-7f9b18021000 rw-p 00000000 00:00 0 
7f9b18021000-7f9b1c000000 ---p 00000000 00:00 0 
7f9b1c000000-7f9b1c021000 rw-p 00000000 00:00 0 
7f9b1c021000-7f9b20000000 ---p 00000000 00:00 0 
7f9b22bff000-7f9b22d6b000 rw-p 00000000 00:00 0 
7f9b22d6b000-7f9b22d6c000 ---p 00000000 00:00 0 
7f9b22d6c000-7f9b22e6c000 rw-p 00000000 00:00 0 
7f9b22e6c000-7f9b22e6f000 ---p 00000000 00:00 0 
7f9b22e6f000-7f9b22f6d000 rw-p 00000000 00:00 0 
7f9b22f6d000-7f9b22f70000 ---p 00000000 00:00 0 
7f9b22f70000-7f9b2306e000 rw-p 00000000 00:00 0 
7f9b2306e000-7f9b23071000 ---p 00000000 00:00 0 
7f9b23071000-7f9b2316f000 rw-p 00000000 00:00 0 
7f9b2316f000-7f9b233df000 rwxp 00000000 00:00 0 
7f9b233df000-7f9b2616f000 rw-p 00000000 00:00 0 
7f9b2616f000-7f9b2c000000 r--p 00000000 fd:00 396931                     /usr/lib/locale/locale-archive
7f9b2c000000-7f9b2c0b2000 rw-p 00000000 00:00 0 
7f9b2c0b2000-7f9b30000000 ---p 00000000 00:00 0 
7f9b30012000-7f9b300ed000 rw-p 00000000 00:00 0 
7f9b300ed000-7f9b300f0000 ---p 00000000 00:00 0 
7f9b300f0000-7f9b301ee000 rw-p 00000000 00:00 0 
7f9b301ee000-7f9b301f1000 ---p 00000000 00:00 0 
7f9b301f1000-7f9b302ef000 rw-p 00000000 00:00 0 
7f9b302ef000-7f9b302f2000 ---p 00000000 00:00 0 
7f9b302f2000-7f9b303f0000 rw-p 00000000 00:00 0 
7f9b303f0000-7f9b303f4000 r-xp 00000000 fd:00 539385                     /usr/java/jdk1.7.0_67-cloudera/jre/lib/amd64/libdt_socket.so
7f9b303f4000-7f9b305f3000 ---p 00004000 fd:00 539385                     /usr/java/jdk1.7.0_67-cloudera/jre/lib/amd64/libdt_socket.so
7f9b305f3000-7f9b305f4000 rw-p 00003000 fd:00 539385                     /usr/java/jdk1.7.0_67-cloudera/jre/lib/amd64/libdt_socket.so
7f9b305f4000-7f9b305f7000 ---p 00000000 00:00 0 
7f9b305f7000-7f9b306f5000 rw-p 00000000 00:00 0 
7f9b306f5000-7f9b306f8000 ---p 00000000 00:00 0 
7f9b306f8000-7f9b307f6000 rw-p 00000000 00:00 0 
7f9b307f6000-7f9b307f9000 ---p 00000000 00:00 0 
7f9b307f9000-7f9b308f7000 rw-p 00000000 00:00 0 
7f9b308f7000-7f9b308f8000 ---p 00000000 00:00 0 
7f9b308f8000-7f9b30a43000 rw-p 00000000 00:00 0 
7f9b30a43000-7f9b30c02000 r--s 039e5000 fd:00 541362                     /usr/java/jdk1.7.0_67-cloudera/jre/lib/rt.jar
7f9b30c02000-7f9b30d06000 rw-p 00000000 00:00 0 
7f9b30d06000-7f9b30d25000 rw-p 00000000 00:00 0 
7f9b30d25000-7f9b30d4f000 rw-p 00000000 00:00 0 
7f9b30d4f000-7f9b30fb6000 rw-p 00000000 00:00 0 
7f9b30fb6000-7f9b30fcb000 rw-p 00000000 00:00 0 
7f9b30fcb000-7f9b310fe000 rw-p 00000000 00:00 0 
7f9b310fe000-7f9b31127000 rw-p 00000000 00:00 0 
7f9b31127000-7f9b3138e000 rw-p 00000000 00:00 0 
7f9b3138e000-7f9b31399000 rw-p 00000000 00:00 0 
7f9b31399000-7f9b313b7000 rw-p 00000000 00:00 0 
7f9b313b7000-7f9b313c2000 rw-p 00000000 00:00 0 
7f9b313c2000-7f9b31478000 rw-p 00000000 00:00 0 
7f9b31478000-7f9b31492000 r-xp 00000000 fd:00 539426                     /usr/java/jdk1.7.0_67-cloudera/jre/lib/amd64/libzip.so
7f9b31492000-7f9b31692000 ---p 0001a000 fd:00 539426                     /usr/java/jdk1.7.0_67-cloudera/jre/lib/amd64/libzip.so
7f9b31692000-7f9b31693000 rw-p 0001a000 fd:00 539426                     /usr/java/jdk1.7.0_67-cloudera/jre/lib/amd64/libzip.so
7f9b31693000-7f9b3169f000 r-xp 00000000 fd:00 2621470                    /lib64/libnss_files-2.12.so
7f9b3169f000-7f9b3189f000 ---p 0000c000 fd:00 2621470                    /lib64/libnss_files-2.12.so
7f9b3189f000-7f9b318a0000 r--p 0000c000 fd:00 2621470                    /lib64/libnss_files-2.12.so
7f9b318a0000-7f9b318a1000 rw-p 0000d000 fd:00 2621470                    /lib64/libnss_files-2.12.so
7f9b318b8000-7f9b318bb000 r-xp 00000000 fd:00 539417                     /usr/java/jdk1.7.0_67-cloudera/jre/lib/amd64/libnpt.so
7f9b318bb000-7f9b31aba000 ---p 00003000 fd:00 539417                     /usr/java/jdk1.7.0_67-cloudera/jre/lib/amd64/libnpt.so
7f9b31aba000-7f9b31abb000 rw-p 00002000 fd:00 539417                     /usr/java/jdk1.7.0_67-cloudera/jre/lib/amd64/libnpt.so
7f9b31abb000-7f9b31af4000 r-xp 00000000 fd:00 539402                     /usr/java/jdk1.7.0_67-cloudera/jre/lib/amd64/libjdwp.so
7f9b31af4000-7f9b31cf4000 ---p 00039000 fd:00 539402                     /usr/java/jdk1.7.0_67-cloudera/jre/lib/amd64/libjdwp.so
7f9b31cf4000-7f9b31cf5000 rw-p 00039000 fd:00 539402                     /usr/java/jdk1.7.0_67-cloudera/jre/lib/amd64/libjdwp.so
7f9b31cf5000-7f9b31cf6000 rw-p 00000000 00:00 0 
7f9b31cf6000-7f9b31d1f000 r-xp 00000000 fd:00 539396                     /usr/java/jdk1.7.0_67-cloudera/jre/lib/amd64/libjava.so
7f9b31d1f000-7f9b31f1f000 ---p 00029000 fd:00 539396                     /usr/java/jdk1.7.0_67-cloudera/jre/lib/amd64/libjava.so
7f9b31f1f000-7f9b31f21000 rw-p 00029000 fd:00 539396                     /usr/java/jdk1.7.0_67-cloudera/jre/lib/amd64/libjava.so
7f9b31f21000-7f9b31f2e000 r-xp 00000000 fd:00 539425                     /usr/java/jdk1.7.0_67-cloudera/jre/lib/amd64/libverify.so
7f9b31f2e000-7f9b3212d000 ---p 0000d000 fd:00 539425                     /usr/java/jdk1.7.0_67-cloudera/jre/lib/amd64/libverify.so
7f9b3212d000-7f9b3212f000 rw-p 0000c000 fd:00 539425                     /usr/java/jdk1.7.0_67-cloudera/jre/lib/amd64/libverify.so
7f9b3212f000-7f9b32132000 ---p 00000000 00:00 0 
7f9b32132000-7f9b32230000 rw-p 00000000 00:00 0 
7f9b32230000-7f9b32da0000 r-xp 00000000 fd:00 539430                     /usr/java/jdk1.7.0_67-cloudera/jre/lib/amd64/server/libjvm.so
7f9b32da0000-7f9b32f9f000 ---p 00b70000 fd:00 539430                     /usr/java/jdk1.7.0_67-cloudera/jre/lib/amd64/server/libjvm.so
7f9b32f9f000-7f9b33064000 rw-p 00b6f000 fd:00 539430                     /usr/java/jdk1.7.0_67-cloudera/jre/lib/amd64/server/libjvm.so
7f9b33064000-7f9b330a7000 rw-p 00000000 00:00 0 
7f9b330a7000-7f9b330bd000 r-xp 00000000 fd:00 540148                     /usr/java/jdk1.7.0_67-cloudera/lib/amd64/jli/libjli.so
7f9b330bd000-7f9b332bd000 ---p 00016000 fd:00 540148                     /usr/java/jdk1.7.0_67-cloudera/lib/amd64/jli/libjli.so
7f9b332bd000-7f9b332be000 rw-p 00016000 fd:00 540148                     /usr/java/jdk1.7.0_67-cloudera/lib/amd64/jli/libjli.so
7f9b332be000-7f9b332bf000 rw-p 00000000 00:00 0 
7f9b332ca000-7f9b332cc000 rw-p 00000000 00:00 0 
7f9b332cc000-7f9b332d4000 rw-s 00000000 fd:00 2360654                    /tmp/hsperfdata_hy/12843
7f9b332d4000-7f9b332d5000 rw-p 00000000 00:00 0 
7f9b332d5000-7f9b332d6000 r--p 00000000 00:00 0 
7f9b332d6000-7f9b332d7000 rw-p 00000000 00:00 0 
7fff6df3f000-7fff6df54000 rw-p 00000000 00:00 0                          [stack]
7fff6dfe8000-7fff6dfe9000 r-xp 00000000 00:00 0                          [vdso]
ffffffffff600000-ffffffffff601000 r-xp 00000000 00:00 0                  [vsyscall]

VM Arguments:
jvm_args: -agentlib:jdwp=transport=dt_socket,suspend=y,address=localhost:47548 -Dfile.encoding=UTF-8 
java_command: algorithm.RegularExpressionMatching
Launcher Type: SUN_STANDARD

Environment Variables:
JAVA_HOME=/usr/java/jdk1.7.0_67-cloudera
CLASSPATH=.
PATH=/opt/cloudera/CDH/bin:/usr/lib64/qt-3.3/bin:/opt/apache-maven-3.3.9/bin:/usr/java/jdk1.7.0_67-cloudera//bin:/usr/local/bin:/usr/bin:/bin:/usr/local/sbin:/usr/sbin:/sbin:/home/hy/bin
USERNAME=hy
SHELL=/bin/bash
DISPLAY=:0.0

Signal Handlers:
SIGSEGV: [libjvm.so+0x99f4a0], sa_mask[0]=0x7ffbfeff, sa_flags=0x10000004
SIGBUS: [libjvm.so+0x99f4a0], sa_mask[0]=0x7ffbfeff, sa_flags=0x10000004
SIGFPE: [libjvm.so+0x81a860], sa_mask[0]=0x7ffbfeff, sa_flags=0x10000004
SIGPIPE: [libjvm.so+0x81a860], sa_mask[0]=0x7ffbfeff, sa_flags=0x10000004
SIGXFSZ: [libjvm.so+0x81a860], sa_mask[0]=0x7ffbfeff, sa_flags=0x10000004
SIGILL: [libjvm.so+0x81a860], sa_mask[0]=0x7ffbfeff, sa_flags=0x10000004
SIGUSR1: SIG_DFL, sa_mask[0]=0x00000000, sa_flags=0x00000000
SIGUSR2: [libjvm.so+0x81c060], sa_mask[0]=0x00000004, sa_flags=0x10000004
SIGHUP: [libjvm.so+0x81d160], sa_mask[0]=0x7ffbfeff, sa_flags=0x10000004
SIGINT: [libjvm.so+0x81d160], sa_mask[0]=0x7ffbfeff, sa_flags=0x10000004
SIGTERM: [libjvm.so+0x81d160], sa_mask[0]=0x7ffbfeff, sa_flags=0x10000004
SIGQUIT: [libjvm.so+0x81d160], sa_mask[0]=0x7ffbfeff, sa_flags=0x10000004


---------------  S Y S T E M  ---------------

OS:CentOS release 6.5 (Final)

uname:Linux 2.6.32-431.el6.x86_64 #1 SMP Fri Nov 22 03:15:09 UTC 2013 x86_64
libc:glibc 2.12 NPTL 2.12 
rlimit: STACK 10240k, CORE 0k, NPROC 1024, NOFILE 4096, AS infinity
load average:0.02 0.02 0.00

/proc/meminfo:
MemTotal:        8060828 kB
MemFree:         2075532 kB
Buffers:          422780 kB
Cached:          2262084 kB
SwapCached:            0 kB
Active:          4286684 kB
Inactive:        1238164 kB
Active(anon):    2830556 kB
Inactive(anon):    25584 kB
Active(file):    1456128 kB
Inactive(file):  1212580 kB
Unevictable:           0 kB
Mlocked:               0 kB
SwapTotal:       8191992 kB
SwapFree:        8191992 kB
Dirty:               316 kB
Writeback:             0 kB
AnonPages:       2839996 kB
Mapped:           183652 kB
Shmem:             16160 kB
Slab:             338472 kB
SReclaimable:     300364 kB
SUnreclaim:        38108 kB
KernelStack:        6032 kB
PageTables:        43624 kB
NFS_Unstable:          0 kB
Bounce:                0 kB
WritebackTmp:          0 kB
CommitLimit:    12222404 kB
Committed_AS:    7182156 kB
VmallocTotal:   34359738367 kB
VmallocUsed:       89528 kB
VmallocChunk:   34359640056 kB
HardwareCorrupted:     0 kB
AnonHugePages:   2310144 kB
HugePages_Total:       0
HugePages_Free:        0
HugePages_Rsvd:        0
HugePages_Surp:        0
Hugepagesize:       2048 kB
DirectMap4k:        8128 kB
DirectMap2M:     8380416 kB


CPU:total 1 (1 cores per cpu, 1 threads per core) family 6 model 60 stepping 3, cmov, cx8, fxsr, mmx, sse, sse2, sse3, ssse3, sse4.1, sse4.2, popcnt, avx, aes, tsc, tscinvbit

/proc/cpuinfo:
processor	: 0
vendor_id	: GenuineIntel
cpu family	: 6
model		: 60
model name	: Intel(R) Core(TM) i7-4790 CPU @ 3.60GHz
stepping	: 3
cpu MHz		: 3591.700
cache size	: 8192 KB
fpu		: yes
fpu_exception	: yes
cpuid level	: 13
wp		: yes
flags		: fpu vme de pse tsc msr pae mce cx8 apic sep mtrr pge mca cmov pat pse36 clflush mmx fxsr sse sse2 syscall nx rdtscp lm constant_tsc up rep_good xtopology nonstop_tsc unfair_spinlock pni pclmulqdq monitor ssse3 cx16 sse4_1 sse4_2 movbe popcnt aes xsave avx rdrand hypervisor lahf_lm abm
bogomips	: 7183.40
clflush size	: 64
cache_alignment	: 64
address sizes	: 39 bits physical, 48 bits virtual
power management:



Memory: 4k page, physical 8060828k(2075532k free), swap 8191992k(8191992k free)

vm_info: Java HotSpot(TM) 64-Bit Server VM (24.65-b04) for linux-amd64 JRE (1.7.0_67-b01), built on Jul 25 2014 09:20:21 by "java_re" with gcc 4.3.0 20080428 (Red Hat 4.3.0-8)

time: Thu Mar 10 09:54:06 2016
elapsed time: 79 seconds

